
> ozi-rs@0.1.0 build
> vite build

[36mvite v6.4.1 [32mbuilding for production...[36m[39m
transforming...
[32m✓[39m 156 modules transformed.
rendering chunks...
computing gzip size...
[2mdist/[22m[32mindex.html                            [39m[1m[2m  0.63 kB[22m[1m[22m[2m │ gzip:   0.32 kB[22m
[2mdist/[22m[2massets/[22m[35mindex-C8SsH378.css             [39m[1m[2m  1.67 kB[22m[1m[22m[2m │ gzip:   0.69 kB[22m
[2mdist/[22m[2massets/[22m[35mBundleLoaderView-Bu4UASdg.css  [39m[1m[2m  4.85 kB[22m[1m[22m[2m │ gzip:   1.24 kB[22m
[2mdist/[22m[2massets/[22m[35mApp-BpfdxekL.css               [39m[1m[2m 14.48 kB[22m[1m[22m[2m │ gzip:   2.75 kB[22m
[2mdist/[22m[2massets/[22m[35mmaplibre-vHLx566B.css          [39m[1m[2m 65.44 kB[22m[1m[22m[2m │ gzip:   9.25 kB[22m
[2mdist/[22m[2massets/[22m[36mwindows-DyIN_1dj.js            [39m[1m[2m  0.56 kB[22m[1m[22m[2m │ gzip:   0.31 kB[22m
[2mdist/[22m[2massets/[22m[36mpreload-helper-BlTxHScW.js     [39m[1m[2m  1.11 kB[22m[1m[22m[2m │ gzip:   0.65 kB[22m
[2mdist/[22m[2massets/[22m[36mindex-CtNWMeXA.js              [39m[1m[2m  1.98 kB[22m[1m[22m[2m │ gzip:   0.90 kB[22m
[2mdist/[22m[2massets/[22m[36mevent-CCX6AFym.js              [39m[1m[2m  2.01 kB[22m[1m[22m[2m │ gzip:   0.93 kB[22m
[2mdist/[22m[2massets/[22m[36mBundleLoaderView-BkYhZcVC.js   [39m[1m[2m  6.84 kB[22m[1m[22m[2m │ gzip:   2.66 kB[22m
[2mdist/[22m[2massets/[22m[36mindex-DMAKJUPh.js              [39m[1m[2m 13.05 kB[22m[1m[22m[2m │ gzip:   5.14 kB[22m
[2mdist/[22m[2massets/[22m[36mwebviewWindow-DSY2Er1p.js      [39m[1m[2m 17.50 kB[22m[1m[22m[2m │ gzip:   3.70 kB[22m
[2mdist/[22m[2massets/[22m[36mrender-M9kxrcoD.js             [39m[1m[2m 29.05 kB[22m[1m[22m[2m │ gzip:  11.37 kB[22m
[2mdist/[22m[2massets/[22m[36mApp-BO4NQSKQ.js                [39m[1m[2m 36.78 kB[22m[1m[22m[2m │ gzip:  12.94 kB[22m
[2mdist/[22m[2massets/[22m[36mtheme-CgnXjqOO.js              [39m[1m[2m 37.01 kB[22m[1m[22m[2m │ gzip:  10.03 kB[22m
[2mdist/[22m[2massets/[22m[36mmaplibre-BDOosUHv.js           [39m[1m[2m802.88 kB[22m[1m[22m[2m │ gzip: 216.95 kB[22m
[32m✓ built in 2.26s[39m
